<?xml version="1.0" encoding="UTF-8"?>
<!-- Generated by org.testng.reporters.JUnitXMLReporter -->
<testsuite ignored="0" hostname="Abisheks-MacBook-Air.local" failures="3" tests="3" name="Test1" time="47.973" errors="0" timestamp="2023-07-09T13:41:06 IST">
  <testcase classname="auto_tc.Tc2" name="tc2" time="10.826">
    <failure type="java.lang.AssertionError" message="expected [false] but found [true]">
      <![CDATA[java.lang.AssertionError: expected [false] but found [true]
at auto.pagecrm.Crmpage.signin(Crmpage.java:24)
at auto_tc.Tc2.tc2(Tc2.java:31)
at java.base/java.util.concurrent.ThreadPoolExecutor.runWorker(ThreadPoolExecutor.java:1144)
at java.base/java.util.concurrent.ThreadPoolExecutor$Worker.run(ThreadPoolExecutor.java:642)
at java.base/java.lang.Thread.run(Thread.java:1589)
... Removed 16 stack frames]]>
    </failure>
  </testcase> <!-- tc2 -->
  <testcase classname="auto_tc.Tc1" name="tc1" time="11.184">
    <failure type="java.lang.AssertionError" message="expected [false] but found [true]">
      <![CDATA[java.lang.AssertionError: expected [false] but found [true]
at auto.pagecrm.Crmpage.signin(Crmpage.java:24)
at auto_tc.Tc1.tc1(Tc1.java:33)
at java.base/java.util.concurrent.ThreadPoolExecutor.runWorker(ThreadPoolExecutor.java:1144)
at java.base/java.util.concurrent.ThreadPoolExecutor$Worker.run(ThreadPoolExecutor.java:642)
at java.base/java.lang.Thread.run(Thread.java:1589)
... Removed 16 stack frames]]>
    </failure>
  </testcase> <!-- tc1 -->
  <testcase classname="auto_tc.Tc3" name="tc3" time="11.249">
    <failure type="java.lang.AssertionError" message="expected [false] but found [true]">
      <![CDATA[java.lang.AssertionError: expected [false] but found [true]
at auto.pagecrm.Crmpage.signin(Crmpage.java:24)
at auto_tc.Tc3.tc3(Tc3.java:30)
at java.base/java.util.concurrent.ThreadPoolExecutor.runWorker(ThreadPoolExecutor.java:1144)
at java.base/java.util.concurrent.ThreadPoolExecutor$Worker.run(ThreadPoolExecutor.java:642)
at java.base/java.lang.Thread.run(Thread.java:1589)
... Removed 16 stack frames]]>
    </failure>
  </testcase> <!-- tc3 -->
</testsuite> <!-- Test1 -->
