<?xml version="1.0" encoding="UTF-8"?>
<testng-results ignored="0" total="3" passed="0" failed="3" skipped="0">
  <reporter-output>
  </reporter-output>
  <suite started-at="2023-07-09T13:40:18 IST" name="Suite" finished-at="2023-07-09T13:41:06 IST" duration-ms="47973">
    <groups>
    </groups>
    <test started-at="2023-07-09T13:40:18 IST" name="Test1" finished-at="2023-07-09T13:41:06 IST" duration-ms="47973">
      <class name="auto_tc.Tc1">
        <test-method is-config="true" signature="startbrow(java.lang.String)[pri:0, instance:auto_tc.Tc1@77167fb7]" started-at="2023-07-09T13:40:18 IST" name="startbrow" finished-at="2023-07-09T13:40:52 IST" duration-ms="34202" status="PASS">
          <params>
            <param index="0">
              <value>
                <![CDATA[chrome]]>
              </value>
            </param>
          </params>
          <reporter-output>
          </reporter-output>
        </test-method> <!-- startbrow -->
        <test-method signature="tc1(java.lang.String,java.lang.String,java.lang.String,java.lang.String,java.lang.String,java.lang.String)[pri:0, instance:auto_tc.Tc1@77167fb7]" started-at="2023-07-09T13:40:52 IST" name="tc1" data-provider="excel" finished-at="2023-07-09T13:41:04 IST" duration-ms="11184" status="FAIL">
          <params>
            <param index="0">
              <value>
                <![CDATA[kumarsuresh93013@gmail.com]]>
              </value>
            </param>
            <param index="1">
              <value>
                <![CDATA[Suresh@1908]]>
              </value>
            </param>
            <param index="2">
              <value>
                <![CDATA[7878787878]]>
              </value>
            </param>
            <param index="3">
              <value>
                <![CDATA[Serv]]>
              </value>
            </param>
            <param index="4">
              <value>
                <![CDATA[Joey]]>
              </value>
            </param>
            <param index="5">
              <value>
                <![CDATA[Joey66@gmail.com]]>
              </value>
            </param>
          </params>
          <exception class="java.lang.AssertionError">
            <message>
              <![CDATA[expected [false] but found [true]]]>
            </message>
            <full-stacktrace>
              <![CDATA[java.lang.AssertionError: expected [false] but found [true]
at org.testng.Assert.fail(Assert.java:99)
at org.testng.Assert.failNotEquals(Assert.java:1037)
at org.testng.Assert.assertEqualsImpl(Assert.java:140)
at org.testng.Assert.assertEquals(Assert.java:122)
at org.testng.Assert.assertEquals(Assert.java:819)
at org.testng.Assert.assertEquals(Assert.java:829)
at auto.pagecrm.Crmpage.signin(Crmpage.java:24)
at auto_tc.Tc1.tc1(Tc1.java:33)
at java.base/jdk.internal.reflect.DirectMethodHandleAccessor.invoke(DirectMethodHandleAccessor.java:104)
at java.base/java.lang.reflect.Method.invoke(Method.java:578)
at org.testng.internal.MethodInvocationHelper.invokeMethod(MethodInvocationHelper.java:133)
at org.testng.internal.TestInvoker.invokeMethod(TestInvoker.java:598)
at org.testng.internal.TestInvoker.invokeTestMethod(TestInvoker.java:173)
at org.testng.internal.MethodRunner.runInSequence(MethodRunner.java:46)
at org.testng.internal.TestInvoker$MethodInvocationAgent.invoke(TestInvoker.java:824)
at org.testng.internal.TestInvoker.invokeTestMethods(TestInvoker.java:146)
at org.testng.internal.TestMethodWorker.invokeTestMethods(TestMethodWorker.java:146)
at org.testng.internal.TestMethodWorker.run(TestMethodWorker.java:128)
at java.base/java.util.concurrent.ThreadPoolExecutor.runWorker(ThreadPoolExecutor.java:1144)
at java.base/java.util.concurrent.ThreadPoolExecutor$Worker.run(ThreadPoolExecutor.java:642)
at java.base/java.lang.Thread.run(Thread.java:1589)
]]>
            </full-stacktrace>
          </exception> <!-- java.lang.AssertionError -->
          <reporter-output>
          </reporter-output>
        </test-method> <!-- tc1 -->
        <test-method is-config="true" signature="aftermeth(org.testng.ITestResult)[pri:0, instance:auto_tc.Tc1@77167fb7]" started-at="2023-07-09T13:41:04 IST" name="aftermeth" finished-at="2023-07-09T13:41:05 IST" duration-ms="1190" status="PASS">
          <params>
            <param index="0">
              <value>
                <![CDATA[[TestResult name=tc1 status=FAILURE method=Tc1.tc1(java.lang.String,java.lang.String,java.lang.String,java.lang.String,java.lang.String,java.lang.String)[pri:0, instance:auto_tc.Tc1@77167fb7] output={null}]]]>
              </value>
            </param>
          </params>
          <reporter-output>
          </reporter-output>
        </test-method> <!-- aftermeth -->
      </class> <!-- auto_tc.Tc1 -->
      <class name="auto_tc.Tc2">
        <test-method is-config="true" signature="startbrow(java.lang.String)[pri:0, instance:auto_tc.Tc2@79efed2d]" started-at="2023-07-09T13:40:18 IST" name="startbrow" finished-at="2023-07-09T13:40:51 IST" duration-ms="33307" status="PASS">
          <params>
            <param index="0">
              <value>
                <![CDATA[chrome]]>
              </value>
            </param>
          </params>
          <reporter-output>
          </reporter-output>
        </test-method> <!-- startbrow -->
        <test-method signature="tc2(java.lang.String,java.lang.String,java.lang.String,java.lang.String,java.lang.String,java.lang.String)[pri:0, instance:auto_tc.Tc2@79efed2d]" started-at="2023-07-09T13:40:52 IST" name="tc2" data-provider="excel" finished-at="2023-07-09T13:41:03 IST" duration-ms="10826" status="FAIL">
          <params>
            <param index="0">
              <value>
                <![CDATA[kumarsuresh93013@gmail.com]]>
              </value>
            </param>
            <param index="1">
              <value>
                <![CDATA[Suresh@1908]]>
              </value>
            </param>
            <param index="2">
              <value>
                <![CDATA[7878787878]]>
              </value>
            </param>
            <param index="3">
              <value>
                <![CDATA[Serv]]>
              </value>
            </param>
            <param index="4">
              <value>
                <![CDATA[Joey]]>
              </value>
            </param>
            <param index="5">
              <value>
                <![CDATA[Joey66@gmail.com]]>
              </value>
            </param>
          </params>
          <exception class="java.lang.AssertionError">
            <message>
              <![CDATA[expected [false] but found [true]]]>
            </message>
            <full-stacktrace>
              <![CDATA[java.lang.AssertionError: expected [false] but found [true]
at org.testng.Assert.fail(Assert.java:99)
at org.testng.Assert.failNotEquals(Assert.java:1037)
at org.testng.Assert.assertEqualsImpl(Assert.java:140)
at org.testng.Assert.assertEquals(Assert.java:122)
at org.testng.Assert.assertEquals(Assert.java:819)
at org.testng.Assert.assertEquals(Assert.java:829)
at auto.pagecrm.Crmpage.signin(Crmpage.java:24)
at auto_tc.Tc2.tc2(Tc2.java:31)
at java.base/jdk.internal.reflect.DirectMethodHandleAccessor.invoke(DirectMethodHandleAccessor.java:104)
at java.base/java.lang.reflect.Method.invoke(Method.java:578)
at org.testng.internal.MethodInvocationHelper.invokeMethod(MethodInvocationHelper.java:133)
at org.testng.internal.TestInvoker.invokeMethod(TestInvoker.java:598)
at org.testng.internal.TestInvoker.invokeTestMethod(TestInvoker.java:173)
at org.testng.internal.MethodRunner.runInSequence(MethodRunner.java:46)
at org.testng.internal.TestInvoker$MethodInvocationAgent.invoke(TestInvoker.java:824)
at org.testng.internal.TestInvoker.invokeTestMethods(TestInvoker.java:146)
at org.testng.internal.TestMethodWorker.invokeTestMethods(TestMethodWorker.java:146)
at org.testng.internal.TestMethodWorker.run(TestMethodWorker.java:128)
at java.base/java.util.concurrent.ThreadPoolExecutor.runWorker(ThreadPoolExecutor.java:1144)
at java.base/java.util.concurrent.ThreadPoolExecutor$Worker.run(ThreadPoolExecutor.java:642)
at java.base/java.lang.Thread.run(Thread.java:1589)
]]>
            </full-stacktrace>
          </exception> <!-- java.lang.AssertionError -->
          <reporter-output>
          </reporter-output>
        </test-method> <!-- tc2 -->
        <test-method is-config="true" signature="aftermeth(org.testng.ITestResult)[pri:0, instance:auto_tc.Tc2@79efed2d]" started-at="2023-07-09T13:41:03 IST" name="aftermeth" finished-at="2023-07-09T13:41:04 IST" duration-ms="1806" status="PASS">
          <params>
            <param index="0">
              <value>
                <![CDATA[[TestResult name=tc2 status=FAILURE method=Tc2.tc2(java.lang.String,java.lang.String,java.lang.String,java.lang.String,java.lang.String,java.lang.String)[pri:0, instance:auto_tc.Tc2@79efed2d] output={null}]]]>
              </value>
            </param>
          </params>
          <reporter-output>
          </reporter-output>
        </test-method> <!-- aftermeth -->
      </class> <!-- auto_tc.Tc2 -->
      <class name="auto_tc.Tc3">
        <test-method is-config="true" signature="startbrow(java.lang.String)[pri:0, instance:auto_tc.Tc3@15b204a1]" started-at="2023-07-09T13:40:18 IST" name="startbrow" finished-at="2023-07-09T13:40:54 IST" duration-ms="36070" status="PASS">
          <params>
            <param index="0">
              <value>
                <![CDATA[chrome]]>
              </value>
            </param>
          </params>
          <reporter-output>
          </reporter-output>
        </test-method> <!-- startbrow -->
        <test-method signature="tc3(java.lang.String,java.lang.String,java.lang.String,java.lang.String,java.lang.String,java.lang.String)[pri:0, instance:auto_tc.Tc3@15b204a1]" started-at="2023-07-09T13:40:54 IST" name="tc3" data-provider="excel" finished-at="2023-07-09T13:41:06 IST" duration-ms="11249" status="FAIL">
          <params>
            <param index="0">
              <value>
                <![CDATA[kumarsuresh93013@gmail.com]]>
              </value>
            </param>
            <param index="1">
              <value>
                <![CDATA[Suresh@1908]]>
              </value>
            </param>
            <param index="2">
              <value>
                <![CDATA[7878787878]]>
              </value>
            </param>
            <param index="3">
              <value>
                <![CDATA[Serv]]>
              </value>
            </param>
            <param index="4">
              <value>
                <![CDATA[Joey]]>
              </value>
            </param>
            <param index="5">
              <value>
                <![CDATA[Joey66@gmail.com]]>
              </value>
            </param>
          </params>
          <exception class="java.lang.AssertionError">
            <message>
              <![CDATA[expected [false] but found [true]]]>
            </message>
            <full-stacktrace>
              <![CDATA[java.lang.AssertionError: expected [false] but found [true]
at org.testng.Assert.fail(Assert.java:99)
at org.testng.Assert.failNotEquals(Assert.java:1037)
at org.testng.Assert.assertEqualsImpl(Assert.java:140)
at org.testng.Assert.assertEquals(Assert.java:122)
at org.testng.Assert.assertEquals(Assert.java:819)
at org.testng.Assert.assertEquals(Assert.java:829)
at auto.pagecrm.Crmpage.signin(Crmpage.java:24)
at auto_tc.Tc3.tc3(Tc3.java:30)
at java.base/jdk.internal.reflect.DirectMethodHandleAccessor.invoke(DirectMethodHandleAccessor.java:104)
at java.base/java.lang.reflect.Method.invoke(Method.java:578)
at org.testng.internal.MethodInvocationHelper.invokeMethod(MethodInvocationHelper.java:133)
at org.testng.internal.TestInvoker.invokeMethod(TestInvoker.java:598)
at org.testng.internal.TestInvoker.invokeTestMethod(TestInvoker.java:173)
at org.testng.internal.MethodRunner.runInSequence(MethodRunner.java:46)
at org.testng.internal.TestInvoker$MethodInvocationAgent.invoke(TestInvoker.java:824)
at org.testng.internal.TestInvoker.invokeTestMethods(TestInvoker.java:146)
at org.testng.internal.TestMethodWorker.invokeTestMethods(TestMethodWorker.java:146)
at org.testng.internal.TestMethodWorker.run(TestMethodWorker.java:128)
at java.base/java.util.concurrent.ThreadPoolExecutor.runWorker(ThreadPoolExecutor.java:1144)
at java.base/java.util.concurrent.ThreadPoolExecutor$Worker.run(ThreadPoolExecutor.java:642)
at java.base/java.lang.Thread.run(Thread.java:1589)
]]>
            </full-stacktrace>
          </exception> <!-- java.lang.AssertionError -->
          <reporter-output>
          </reporter-output>
        </test-method> <!-- tc3 -->
        <test-method is-config="true" signature="aftermeth(org.testng.ITestResult)[pri:0, instance:auto_tc.Tc3@15b204a1]" started-at="2023-07-09T13:41:06 IST" name="aftermeth" finished-at="2023-07-09T13:41:06 IST" duration-ms="624" status="PASS">
          <params>
            <param index="0">
              <value>
                <![CDATA[[TestResult name=tc3 status=FAILURE method=Tc3.tc3(java.lang.String,java.lang.String,java.lang.String,java.lang.String,java.lang.String,java.lang.String)[pri:0, instance:auto_tc.Tc3@15b204a1] output={null}]]]>
              </value>
            </param>
          </params>
          <reporter-output>
          </reporter-output>
        </test-method> <!-- aftermeth -->
      </class> <!-- auto_tc.Tc3 -->
    </test> <!-- Test1 -->
  </suite> <!-- Suite -->
</testng-results>
